<?xml version="1.0" encoding="UTF-8"?>
<coverage generated="1788296499770" clover="3.2.0">
  <project timestamp="1788296499770" name="All files">
    <metrics statements="97" coveredstatements="95" conditionals="122" coveredconditionals="75" methods="24" coveredmethods="20" elements="243" coveredelements="190" complexity="0" loc="97" ncloc="97" packages="9" files="11" classes="11"/>
    <package name="src">
      <metrics statements="8" coveredstatements="8" conditionals="15" coveredconditionals="7" methods="1" coveredmethods="1"/>
      <file name="GifsApp.tsx" path="/Users/luismendoza/Proyectos Web/CursoReact/03-gifs-app/src/GifsApp.tsx">
        <metrics statements="8" coveredstatements="8" conditionals="15" coveredconditionals="7" methods="1" coveredmethods="1"/>
        <line num="7" count="1" type="stmt"/>
        <line num="8" count="1" type="cond" truecount="1" falsecount="1"/>
        <line num="11" count="1" type="stmt"/>
        <line num="12" count="1" type="cond" truecount="1" falsecount="1"/>
        <line num="13" count="1" type="cond" truecount="2" falsecount="2"/>
        <line num="14" count="1" type="cond" truecount="1" falsecount="1"/>
        <line num="15" count="1" type="cond" truecount="2" falsecount="3"/>
        <line num="16" count="1" type="stmt"/>
      </file>
    </package>
    <package name="src.gifs.actions">
      <metrics statements="7" coveredstatements="7" conditionals="2" coveredconditionals="2" methods="2" coveredmethods="2"/>
      <file name="get-gifs-by-query.action.ts" path="/Users/luismendoza/Proyectos Web/CursoReact/03-gifs-app/src/gifs/actions/get-gifs-by-query.action.ts">
        <metrics statements="7" coveredstatements="7" conditionals="2" coveredconditionals="2" methods="2" coveredmethods="2"/>
        <line num="5" count="3" type="stmt"/>
        <line num="6" count="6" type="cond" truecount="2" falsecount="0"/>
        <line num="8" count="5" type="stmt"/>
        <line num="9" count="5" type="stmt"/>
        <line num="16" count="40" type="stmt"/>
        <line num="24" count="1" type="stmt"/>
        <line num="25" count="1" type="stmt"/>
      </file>
    </package>
    <package name="src.gifs.api">
      <metrics statements="1" coveredstatements="1" conditionals="0" coveredconditionals="0" methods="0" coveredmethods="0"/>
      <file name="giphy.api.ts" path="/Users/luismendoza/Proyectos Web/CursoReact/03-gifs-app/src/gifs/api/giphy.api.ts">
        <metrics statements="1" coveredstatements="1" conditionals="0" coveredconditionals="0" methods="0" coveredmethods="0"/>
        <line num="3" count="4" type="stmt"/>
      </file>
    </package>
    <package name="src.gifs.components">
      <metrics statements="12" coveredstatements="11" conditionals="14" coveredconditionals="7" methods="5" coveredmethods="2"/>
      <file name="GifList.tsx" path="/Users/luismendoza/Proyectos Web/CursoReact/03-gifs-app/src/gifs/components/GifList.tsx">
        <metrics statements="5" coveredstatements="5" conditionals="4" coveredconditionals="2" methods="2" coveredmethods="1"/>
        <line num="7" count="1" type="cond" truecount="1" falsecount="1"/>
        <line num="9" count="1" type="stmt"/>
        <line num="10" count="1" type="stmt"/>
        <line num="16" count="1" type="cond" truecount="1" falsecount="1"/>
        <line num="17" count="1" type="stmt"/>
      </file>
      <file name="PreviousSearches.tsx" path="/Users/luismendoza/Proyectos Web/CursoReact/03-gifs-app/src/gifs/components/PreviousSearches.tsx">
        <metrics statements="7" coveredstatements="6" conditionals="10" coveredconditionals="5" methods="3" coveredmethods="1"/>
        <line num="6" count="1" type="cond" truecount="1" falsecount="1"/>
        <line num="8" count="1" type="stmt"/>
        <line num="9" count="1" type="cond" truecount="3" falsecount="3"/>
        <line num="11" count="1" type="stmt"/>
        <line num="12" count="0" type="stmt"/>
        <line num="13" count="1" type="cond" truecount="1" falsecount="1"/>
        <line num="15" count="1" type="stmt"/>
      </file>
    </package>
    <package name="src.gifs.counter.components">
      <metrics statements="10" coveredstatements="10" conditionals="17" coveredconditionals="9" methods="1" coveredmethods="1"/>
      <file name="MyCounterApp.tsx" path="/Users/luismendoza/Proyectos Web/CursoReact/03-gifs-app/src/gifs/counter/components/MyCounterApp.tsx">
        <metrics statements="10" coveredstatements="10" conditionals="17" coveredconditionals="9" methods="1" coveredmethods="1"/>
        <line num="3" count="7" type="stmt"/>
        <line num="4" count="7" type="cond" truecount="1" falsecount="1"/>
        <line num="7" count="7" type="stmt"/>
        <line num="8" count="7" type="cond" truecount="1" falsecount="1"/>
        <line num="9" count="7" type="stmt"/>
        <line num="10" count="7" type="cond" truecount="2" falsecount="0"/>
        <line num="11" count="7" type="cond" truecount="1" falsecount="1"/>
        <line num="12" count="7" type="cond" truecount="2" falsecount="3"/>
        <line num="13" count="7" type="cond" truecount="2" falsecount="2"/>
        <line num="14" count="7" type="stmt"/>
      </file>
    </package>
    <package name="src.gifs.counter.hooks">
      <metrics statements="13" coveredstatements="13" conditionals="14" coveredconditionals="8" methods="4" coveredmethods="4"/>
      <file name="useCounter.tsx" path="/Users/luismendoza/Proyectos Web/CursoReact/03-gifs-app/src/gifs/counter/hooks/useCounter.tsx">
        <metrics statements="13" coveredstatements="13" conditionals="14" coveredconditionals="8" methods="4" coveredmethods="4"/>
        <line num="3" count="14" type="cond" truecount="2" falsecount="0"/>
        <line num="4" count="14" type="cond" truecount="1" falsecount="1"/>
        <line num="6" count="14" type="stmt"/>
        <line num="7" count="3" type="stmt"/>
        <line num="8" count="14" type="cond" truecount="1" falsecount="1"/>
        <line num="9" count="14" type="stmt"/>
        <line num="10" count="2" type="stmt"/>
        <line num="11" count="14" type="cond" truecount="2" falsecount="0"/>
        <line num="12" count="14" type="stmt"/>
        <line num="13" count="1" type="stmt"/>
        <line num="14" count="14" type="cond" truecount="2" falsecount="4"/>
        <line num="15" count="14" type="stmt"/>
        <line num="20" count="14" type="stmt"/>
      </file>
    </package>
    <package name="src.gifs.hooks">
      <metrics statements="22" coveredstatements="22" conditionals="23" coveredconditionals="20" methods="3" coveredmethods="3"/>
      <file name="useGifs.tsx" path="/Users/luismendoza/Proyectos Web/CursoReact/03-gifs-app/src/gifs/hooks/useGifs.tsx">
        <metrics statements="22" coveredstatements="22" conditionals="23" coveredconditionals="20" methods="3" coveredmethods="3"/>
        <line num="5" count="19" type="cond" truecount="2" falsecount="0"/>
        <line num="6" count="19" type="cond" truecount="2" falsecount="0"/>
        <line num="7" count="19" type="cond" truecount="2" falsecount="0"/>
        <line num="8" count="19" type="cond" truecount="2" falsecount="0"/>
        <line num="10" count="19" type="stmt"/>
        <line num="11" count="3" type="cond" truecount="2" falsecount="0"/>
        <line num="12" count="1" type="stmt"/>
        <line num="15" count="2" type="stmt"/>
        <line num="16" count="2" type="stmt"/>
        <line num="17" count="2" type="stmt"/>
        <line num="18" count="19" type="cond" truecount="2" falsecount="0"/>
        <line num="19" count="19" type="cond" truecount="1" falsecount="1"/>
        <line num="20" count="10" type="stmt"/>
        <line num="21" count="10" type="cond" truecount="1" falsecount="1"/>
        <line num="22" count="10" type="cond" truecount="1" falsecount="1"/>
        <line num="23" count="10" type="stmt"/>
        <line num="24" count="10" type="stmt"/>
        <line num="25" count="10" type="stmt"/>
        <line num="26" count="10" type="stmt"/>
        <line num="27" count="19" type="cond" truecount="5" falsecount="0"/>
        <line num="28" count="18" type="stmt"/>
        <line num="30" count="19" type="stmt"/>
      </file>
    </package>
    <package name="src.shared.components">
      <metrics statements="23" coveredstatements="22" conditionals="37" coveredconditionals="22" methods="8" coveredmethods="7"/>
      <file name="CustomHeader.tsx" path="/Users/luismendoza/Proyectos Web/CursoReact/03-gifs-app/src/shared/components/CustomHeader.tsx">
        <metrics statements="5" coveredstatements="5" conditionals="10" coveredconditionals="6" methods="1" coveredmethods="1"/>
        <line num="6" count="4" type="cond" truecount="1" falsecount="1"/>
        <line num="8" count="4" type="stmt"/>
        <line num="9" count="4" type="cond" truecount="1" falsecount="1"/>
        <line num="10" count="4" type="cond" truecount="4" falsecount="2"/>
        <line num="11" count="4" type="stmt"/>
      </file>
      <file name="SearchBar.tsx" path="/Users/luismendoza/Proyectos Web/CursoReact/03-gifs-app/src/shared/components/SearchBar.tsx">
        <metrics statements="18" coveredstatements="17" conditionals="27" coveredconditionals="16" methods="7" coveredmethods="6"/>
        <line num="8" count="12" type="cond" truecount="2" falsecount="0"/>
        <line num="9" count="12" type="cond" truecount="3" falsecount="1"/>
        <line num="10" count="12" type="stmt"/>
        <line num="11" count="12" type="stmt"/>
        <line num="12" count="2" type="stmt"/>
        <line num="13" count="12" type="stmt"/>
        <line num="15" count="12" type="stmt"/>
        <line num="17" count="12" type="cond" truecount="3" falsecount="1"/>
        <line num="18" count="12" type="stmt"/>
        <line num="19" count="1" type="stmt"/>
        <line num="20" count="12" type="cond" truecount="1" falsecount="1"/>
        <line num="21" count="12" type="stmt"/>
        <line num="22" count="0" type="cond" truecount="0" falsecount="2"/>
        <line num="23" count="12" type="cond" truecount="2" falsecount="0"/>
        <line num="25" count="12" type="stmt"/>
        <line num="26" count="12" type="cond" truecount="3" falsecount="4"/>
        <line num="27" count="12" type="cond" truecount="2" falsecount="2"/>
        <line num="28" count="12" type="stmt"/>
      </file>
    </package>
    <package name="tests.mocks">
      <metrics statements="1" coveredstatements="1" conditionals="0" coveredconditionals="0" methods="0" coveredmethods="0"/>
      <file name="giphy.response.data.ts" path="/Users/luismendoza/Proyectos Web/CursoReact/03-gifs-app/tests/mocks/giphy.response.data.ts">
        <metrics statements="1" coveredstatements="1" conditionals="0" coveredconditionals="0" methods="0" coveredmethods="0"/>
        <line num="1" count="1" type="stmt"/>
      </file>
    </package>
  </project>
</coverage>
