{"/Users/luismendoza/Proyectos Web/CursoReact/03-gifs-app/src/GifsApp.tsx": {"path":"/Users/luismendoza/Proyectos Web/CursoReact/03-gifs-app/src/GifsApp.tsx","statementMap":{"0":{"start":{"line":7,"column":13},"end":{"line":16,"column":null}},"1":{"start":{"line":7,"column":23},"end":{"line":7,"column":null}},"2":{"start":{"line":8,"column":67},"end":{"line":8,"column":75}},"3":{"start":{"line":8,"column":77},"end":{"line":12,"column":null}},"4":{"start":{"line":12,"column":12},"end":{"line":12,"column":103}},"5":{"start":{"line":12,"column":103},"end":{"line":12,"column":null}},"6":{"start":{"line":12,"column":103},"end":{"line":13,"column":null}},"7":{"start":{"line":13,"column":12},"end":{"line":13,"column":74}},"8":{"start":{"line":13,"column":74},"end":{"line":13,"column":null}},"9":{"start":{"line":13,"column":74},"end":{"line":14,"column":null}},"10":{"start":{"line":14,"column":12},"end":{"line":14,"column":88}},"11":{"start":{"line":14,"column":88},"end":{"line":14,"column":null}},"12":{"start":{"line":14,"column":88},"end":{"line":15,"column":null}},"13":{"start":{"line":15,"column":12},"end":{"line":15,"column":35}},"14":{"start":{"line":15,"column":35},"end":{"line":15,"column":null}},"15":{"start":{"line":15,"column":35},"end":{"line":16,"column":null}},"16":{"start":{"line":11,"column":8},"end":{"line":15,"column":null}},"17":{"start":{"line":16,"column":11},"end":{"line":16,"column":null}},"18":{"start":{"line":16,"column":11},"end":{"line":11,"column":null}}},"fnMap":{"0":{"name":"(anonymous_0)","decl":{"start":{"line":7,"column":13},"end":{"line":7,"column":23}},"loc":{"start":{"line":7,"column":23},"end":{"line":16,"column":null}},"line":7}},"branchMap":{"0":{"loc":{"start":{"line":8,"column":77},"end":{"line":12,"column":null}},"type":"if","locations":[{"start":{"line":8,"column":77},"end":{"line":12,"column":null}},{"start":{"line":12,"column":103},"end":{"line":12,"column":null}}],"line":8},"1":{"loc":{"start":{"line":12,"column":103},"end":{"line":13,"column":null}},"type":"if","locations":[{"start":{"line":12,"column":103},"end":{"line":13,"column":null}},{"start":{"line":13,"column":74},"end":{"line":13,"column":null}}],"line":12},"2":{"loc":{"start":{"line":13,"column":74},"end":{"line":14,"column":null}},"type":"if","locations":[{"start":{"line":13,"column":74},"end":{"line":14,"column":null}},{"start":{"line":14,"column":88},"end":{"line":14,"column":null}}],"line":13},"3":{"loc":{"start":{"line":13,"column":74},"end":{"line":13,"column":null}},"type":"binary-expr","locations":[{"start":{"line":13,"column":74},"end":{"line":13,"column":null}},{"start":{"line":13,"column":74},"end":{"line":13,"column":null}}],"line":13},"4":{"loc":{"start":{"line":14,"column":88},"end":{"line":15,"column":null}},"type":"if","locations":[{"start":{"line":14,"column":88},"end":{"line":15,"column":null}},{"start":{"line":15,"column":35},"end":{"line":15,"column":null}}],"line":14},"5":{"loc":{"start":{"line":15,"column":35},"end":{"line":16,"column":null}},"type":"if","locations":[{"start":{"line":15,"column":35},"end":{"line":16,"column":null}},{"start":{"line":16,"column":11},"end":{"line":16,"column":null}}],"line":15},"6":{"loc":{"start":{"line":15,"column":35},"end":{"line":15,"column":null}},"type":"binary-expr","locations":[{"start":{"line":15,"column":35},"end":{"line":15,"column":null}},{"start":{"line":15,"column":35},"end":{"line":15,"column":null}},{"start":{"line":15,"column":35},"end":{"line":15,"column":null}}],"line":15}},"s":{"0":1,"1":1,"2":1,"3":1,"4":1,"5":0,"6":1,"7":1,"8":0,"9":1,"10":1,"11":0,"12":1,"13":1,"14":0,"15":1,"16":1,"17":0,"18":1},"f":{"0":1},"b":{"0":[1,0],"1":[1,0],"2":[1,0],"3":[1,0],"4":[1,0],"5":[1,0],"6":[1,0,0]},"meta":{"lastBranch":7,"lastFunction":1,"lastStatement":19,"seen":{"s:7:13:16:Infinity":0,"f:7:13:7:23":0,"s:7:23:7:Infinity":1,"s:8:67:8:75":2,"b:8:77:12:Infinity:12:103:12:Infinity":0,"s:8:77:12:Infinity":3,"s:12:12:12:103":4,"s:12:103:12:Infinity":5,"b:12:103:13:Infinity:13:74:13:Infinity":1,"s:12:103:13:Infinity":6,"s:13:12:13:74":7,"s:13:74:13:Infinity":8,"b:13:74:14:Infinity:14:88:14:Infinity":2,"s:13:74:14:Infinity":9,"b:13:74:13:Infinity:13:74:13:Infinity":3,"s:14:12:14:88":10,"s:14:88:14:Infinity":11,"b:14:88:15:Infinity:15:35:15:Infinity":4,"s:14:88:15:Infinity":12,"s:15:12:15:35":13,"s:15:35:15:Infinity":14,"b:15:35:16:Infinity:16:11:16:Infinity":5,"s:15:35:16:Infinity":15,"b:15:35:15:Infinity:15:35:15:Infinity:15:35:15:Infinity":6,"s:11:8:15:Infinity":16,"s:16:11:16:Infinity":17,"s:16:11:11:Infinity":18},"fnNames":{}}}
,"/Users/luismendoza/Proyectos Web/CursoReact/03-gifs-app/src/gifs/actions/get-gifs-by-query.action.ts": {"path":"/Users/luismendoza/Proyectos Web/CursoReact/03-gifs-app/src/gifs/actions/get-gifs-by-query.action.ts","statementMap":{"0":{"start":{"line":5,"column":30},"end":{"line":28,"column":null}},"1":{"start":{"line":6,"column":4},"end":{"line":6,"column":null}},"2":{"start":{"line":6,"column":35},"end":{"line":6,"column":null}},"3":{"start":{"line":8,"column":4},"end":{"line":26,"column":null}},"4":{"start":{"line":9,"column":25},"end":{"line":14,"column":null}},"5":{"start":{"line":16,"column":8},"end":{"line":22,"column":null}},"6":{"start":{"line":16,"column":46},"end":{"line":22,"column":10}},"7":{"start":{"line":24,"column":8},"end":{"line":24,"column":null}},"8":{"start":{"line":25,"column":8},"end":{"line":25,"column":null}}},"fnMap":{"0":{"name":"(anonymous_0)","decl":{"start":{"line":5,"column":30},"end":{"line":5,"column":37}},"loc":{"start":{"line":5,"column":71},"end":{"line":28,"column":null}},"line":5},"1":{"name":"(anonymous_1)","decl":{"start":{"line":16,"column":34},"end":{"line":16,"column":38}},"loc":{"start":{"line":16,"column":46},"end":{"line":22,"column":10}},"line":16}},"branchMap":{"0":{"loc":{"start":{"line":6,"column":4},"end":{"line":6,"column":null}},"type":"if","locations":[{"start":{"line":6,"column":4},"end":{"line":6,"column":null}},{"start":{},"end":{}}],"line":6}},"s":{"0":3,"1":6,"2":1,"3":5,"4":5,"5":4,"6":40,"7":1,"8":1},"f":{"0":6,"1":40},"b":{"0":[1,5]},"meta":{"lastBranch":1,"lastFunction":2,"lastStatement":9,"seen":{"s:5:30:28:Infinity":0,"f:5:30:5:37":0,"b:6:4:6:Infinity:undefined:undefined:undefined:undefined":0,"s:6:4:6:Infinity":1,"s:6:35:6:Infinity":2,"s:8:4:26:Infinity":3,"s:9:25:14:Infinity":4,"s:16:8:22:Infinity":5,"f:16:34:16:38":1,"s:16:46:22:10":6,"s:24:8:24:Infinity":7,"s:25:8:25:Infinity":8},"fnNames":{}}}
,"/Users/luismendoza/Proyectos Web/CursoReact/03-gifs-app/src/gifs/api/giphy.api.ts": {"path":"/Users/luismendoza/Proyectos Web/CursoReact/03-gifs-app/src/gifs/api/giphy.api.ts","statementMap":{"0":{"start":{"line":3,"column":24},"end":{"line":9,"column":null}}},"fnMap":{},"branchMap":{},"s":{"0":4},"f":{},"b":{},"meta":{"lastBranch":0,"lastFunction":0,"lastStatement":1,"seen":{"s:3:24:9:Infinity":0},"fnNames":{}}}
,"/Users/luismendoza/Proyectos Web/CursoReact/03-gifs-app/src/gifs/components/GifList.tsx": {"path":"/Users/luismendoza/Proyectos Web/CursoReact/03-gifs-app/src/gifs/components/GifList.tsx","statementMap":{"0":{"start":{"line":7,"column":13},"end":{"line":17,"column":null}},"1":{"start":{"line":7,"column":23},"end":{"line":7,"column":24}},"2":{"start":{"line":7,"column":24},"end":{"line":7,"column":39}},"3":{"start":{"line":7,"column":39},"end":{"line":16,"column":null}},"4":{"start":{"line":10,"column":13},"end":{"line":16,"column":14}},"5":{"start":{"line":16,"column":14},"end":{"line":16,"column":null}},"6":{"start":{"line":16,"column":14},"end":{"line":17,"column":null}},"7":{"start":{"line":9,"column":8},"end":{"line":17,"column":null}},"8":{"start":{"line":17,"column":14},"end":{"line":17,"column":null}},"9":{"start":{"line":17,"column":14},"end":{"line":9,"column":23}},"10":{"start":{"line":7,"column":23},"end":{"line":15,"column":null}}},"fnMap":{"0":{"name":"(anonymous_0)","decl":{"start":{"line":7,"column":13},"end":{"line":7,"column":23}},"loc":{"start":{"line":7,"column":23},"end":{"line":17,"column":null}},"line":7},"1":{"name":"_temp","decl":{"start":{"line":7,"column":23},"end":{"line":7,"column":24}},"loc":{"start":{"line":7,"column":23},"end":{"line":15,"column":null}},"line":7}},"branchMap":{"0":{"loc":{"start":{"line":7,"column":39},"end":{"line":16,"column":null}},"type":"if","locations":[{"start":{"line":7,"column":39},"end":{"line":16,"column":null}},{"start":{"line":16,"column":14},"end":{"line":16,"column":null}}],"line":7},"1":{"loc":{"start":{"line":16,"column":14},"end":{"line":17,"column":null}},"type":"if","locations":[{"start":{"line":16,"column":14},"end":{"line":17,"column":null}},{"start":{"line":17,"column":14},"end":{"line":17,"column":null}}],"line":16}},"s":{"0":1,"1":1,"2":1,"3":1,"4":1,"5":0,"6":1,"7":1,"8":0,"9":1,"10":0},"f":{"0":1,"1":0},"b":{"0":[1,0],"1":[1,0]},"meta":{"lastBranch":2,"lastFunction":2,"lastStatement":11,"seen":{"s:7:13:17:Infinity":0,"f:7:13:7:23":0,"s:7:23:7:24":1,"s:7:24:7:39":2,"b:7:39:16:Infinity:16:14:16:Infinity":0,"s:7:39:16:Infinity":3,"s:10:13:16:14":4,"s:16:14:16:Infinity":5,"b:16:14:17:Infinity:17:14:17:Infinity":1,"s:16:14:17:Infinity":6,"s:9:8:17:Infinity":7,"s:17:14:17:Infinity":8,"s:17:14:9:23":9,"f:7:23:7:24":1,"s:7:23:15:Infinity":10},"fnNames":{}}}
,"/Users/luismendoza/Proyectos Web/CursoReact/03-gifs-app/src/gifs/components/PreviousSearches.tsx": {"path":"/Users/luismendoza/Proyectos Web/CursoReact/03-gifs-app/src/gifs/components/PreviousSearches.tsx","statementMap":{"0":{"start":{"line":6,"column":13},"end":{"line":15,"column":null}},"1":{"start":{"line":6,"column":32},"end":{"line":6,"column":33}},"2":{"start":{"line":6,"column":33},"end":{"line":6,"column":66}},"3":{"start":{"line":6,"column":66},"end":{"line":9,"column":null}},"4":{"start":{"line":9,"column":12},"end":{"line":9,"column":null}},"5":{"start":{"line":9,"column":38},"end":{"line":9,"column":null}},"6":{"start":{"line":9,"column":38},"end":{"line":13,"column":null}},"7":{"start":{"line":9,"column":38},"end":{"line":13,"column":18}},"8":{"start":{"line":11,"column":30},"end":{"line":12,"column":null}},"9":{"start":{"line":12,"column":20},"end":{"line":12,"column":null}},"10":{"start":{"line":12,"column":39},"end":{"line":12,"column":64}},"11":{"start":{"line":13,"column":17},"end":{"line":13,"column":18}},"12":{"start":{"line":11,"column":17},"end":{"line":13,"column":18}},"13":{"start":{"line":13,"column":18},"end":{"line":13,"column":null}},"14":{"start":{"line":13,"column":18},"end":{"line":15,"column":null}},"15":{"start":{"line":8,"column":8},"end":{"line":15,"column":null}},"16":{"start":{"line":15,"column":14},"end":{"line":15,"column":null}},"17":{"start":{"line":15,"column":14},"end":{"line":8,"column":23}}},"fnMap":{"0":{"name":"(anonymous_0)","decl":{"start":{"line":6,"column":13},"end":{"line":6,"column":32}},"loc":{"start":{"line":6,"column":32},"end":{"line":15,"column":null}},"line":6},"1":{"name":"(anonymous_1)","decl":{"start":{"line":11,"column":30},"end":{"line":11,"column":null}},"loc":{"start":{"line":12,"column":20},"end":{"line":12,"column":null}},"line":12},"2":{"name":"(anonymous_2)","decl":{"start":{"line":12,"column":33},"end":{"line":12,"column":39}},"loc":{"start":{"line":12,"column":39},"end":{"line":12,"column":64}},"line":12}},"branchMap":{"0":{"loc":{"start":{"line":6,"column":66},"end":{"line":9,"column":null}},"type":"if","locations":[{"start":{"line":6,"column":66},"end":{"line":9,"column":null}},{"start":{"line":9,"column":38},"end":{"line":9,"column":null}}],"line":6},"1":{"loc":{"start":{"line":9,"column":38},"end":{"line":13,"column":null}},"type":"if","locations":[{"start":{"line":9,"column":38},"end":{"line":13,"column":null}},{"start":{"line":13,"column":18},"end":{"line":13,"column":null}}],"line":9},"2":{"loc":{"start":{"line":9,"column":38},"end":{"line":9,"column":null}},"type":"binary-expr","locations":[{"start":{"line":9,"column":38},"end":{"line":9,"column":null}},{"start":{"line":9,"column":38},"end":{"line":9,"column":null}}],"line":9},"3":{"loc":{"start":{"line":9,"column":38},"end":{"line":13,"column":18}},"type":"if","locations":[{"start":{"line":9,"column":38},"end":{"line":13,"column":18}},{"start":{"line":13,"column":17},"end":{"line":13,"column":18}}],"line":9},"4":{"loc":{"start":{"line":13,"column":18},"end":{"line":15,"column":null}},"type":"if","locations":[{"start":{"line":13,"column":18},"end":{"line":15,"column":null}},{"start":{"line":15,"column":14},"end":{"line":15,"column":null}}],"line":13}},"s":{"0":1,"1":1,"2":1,"3":1,"4":1,"5":0,"6":1,"7":1,"8":1,"9":0,"10":0,"11":0,"12":1,"13":0,"14":1,"15":1,"16":0,"17":1},"f":{"0":1,"1":0,"2":0},"b":{"0":[1,0],"1":[1,0],"2":[1,0],"3":[1,0],"4":[1,0]},"meta":{"lastBranch":5,"lastFunction":3,"lastStatement":18,"seen":{"s:6:13:15:Infinity":0,"f:6:13:6:32":0,"s:6:32:6:33":1,"s:6:33:6:66":2,"b:6:66:9:Infinity:9:38:9:Infinity":0,"s:6:66:9:Infinity":3,"s:9:12:9:Infinity":4,"s:9:38:9:Infinity":5,"b:9:38:13:Infinity:13:18:13:Infinity":1,"s:9:38:13:Infinity":6,"b:9:38:9:Infinity:9:38:9:Infinity":2,"b:9:38:13:18:13:17:13:18":3,"s:9:38:13:18":7,"s:11:30:12:Infinity":8,"f:11:30:11:Infinity":1,"s:12:20:12:Infinity":9,"f:12:33:12:39":2,"s:12:39:12:64":10,"s:13:17:13:18":11,"s:11:17:13:18":12,"s:13:18:13:Infinity":13,"b:13:18:15:Infinity:15:14:15:Infinity":4,"s:13:18:15:Infinity":14,"s:8:8:15:Infinity":15,"s:15:14:15:Infinity":16,"s:15:14:8:23":17},"fnNames":{}}}
,"/Users/luismendoza/Proyectos Web/CursoReact/03-gifs-app/src/gifs/counter/components/MyCounterApp.tsx": {"path":"/Users/luismendoza/Proyectos Web/CursoReact/03-gifs-app/src/gifs/counter/components/MyCounterApp.tsx","statementMap":{"0":{"start":{"line":3,"column":13},"end":{"line":14,"column":null}},"1":{"start":{"line":3,"column":28},"end":{"line":3,"column":null}},"2":{"start":{"line":4,"column":64},"end":{"line":4,"column":78}},"3":{"start":{"line":4,"column":78},"end":{"line":8,"column":null}},"4":{"start":{"line":8,"column":12},"end":{"line":8,"column":null}},"5":{"start":{"line":8,"column":39},"end":{"line":8,"column":null}},"6":{"start":{"line":8,"column":39},"end":{"line":10,"column":null}},"7":{"start":{"line":10,"column":16},"end":{"line":10,"column":null}},"8":{"start":{"line":10,"column":60},"end":{"line":10,"column":null}},"9":{"start":{"line":10,"column":60},"end":{"line":11,"column":null}},"10":{"start":{"line":11,"column":16},"end":{"line":11,"column":null}},"11":{"start":{"line":11,"column":60},"end":{"line":11,"column":null}},"12":{"start":{"line":11,"column":60},"end":{"line":12,"column":null}},"13":{"start":{"line":12,"column":16},"end":{"line":12,"column":null}},"14":{"start":{"line":12,"column":55},"end":{"line":12,"column":null}},"15":{"start":{"line":12,"column":55},"end":{"line":13,"column":null}},"16":{"start":{"line":9,"column":12},"end":{"line":13,"column":null}},"17":{"start":{"line":13,"column":18},"end":{"line":13,"column":null}},"18":{"start":{"line":13,"column":18},"end":{"line":14,"column":null}},"19":{"start":{"line":7,"column":8},"end":{"line":13,"column":null}},"20":{"start":{"line":14,"column":11},"end":{"line":14,"column":null}},"21":{"start":{"line":14,"column":11},"end":{"line":7,"column":null}}},"fnMap":{"0":{"name":"(anonymous_0)","decl":{"start":{"line":3,"column":13},"end":{"line":3,"column":28}},"loc":{"start":{"line":3,"column":28},"end":{"line":14,"column":null}},"line":3}},"branchMap":{"0":{"loc":{"start":{"line":4,"column":78},"end":{"line":8,"column":null}},"type":"if","locations":[{"start":{"line":4,"column":78},"end":{"line":8,"column":null}},{"start":{"line":8,"column":39},"end":{"line":8,"column":null}}],"line":4},"1":{"loc":{"start":{"line":8,"column":39},"end":{"line":10,"column":null}},"type":"if","locations":[{"start":{"line":8,"column":39},"end":{"line":10,"column":null}},{"start":{"line":10,"column":60},"end":{"line":10,"column":null}}],"line":8},"2":{"loc":{"start":{"line":10,"column":60},"end":{"line":11,"column":null}},"type":"if","locations":[{"start":{"line":10,"column":60},"end":{"line":11,"column":null}},{"start":{"line":11,"column":60},"end":{"line":11,"column":null}}],"line":10},"3":{"loc":{"start":{"line":11,"column":60},"end":{"line":12,"column":null}},"type":"if","locations":[{"start":{"line":11,"column":60},"end":{"line":12,"column":null}},{"start":{"line":12,"column":55},"end":{"line":12,"column":null}}],"line":11},"4":{"loc":{"start":{"line":12,"column":55},"end":{"line":13,"column":null}},"type":"if","locations":[{"start":{"line":12,"column":55},"end":{"line":13,"column":null}},{"start":{"line":13,"column":18},"end":{"line":13,"column":null}}],"line":12},"5":{"loc":{"start":{"line":12,"column":55},"end":{"line":12,"column":null}},"type":"binary-expr","locations":[{"start":{"line":12,"column":55},"end":{"line":12,"column":null}},{"start":{"line":12,"column":55},"end":{"line":12,"column":null}},{"start":{"line":12,"column":55},"end":{"line":12,"column":null}}],"line":12},"6":{"loc":{"start":{"line":13,"column":18},"end":{"line":14,"column":null}},"type":"if","locations":[{"start":{"line":13,"column":18},"end":{"line":14,"column":null}},{"start":{"line":14,"column":11},"end":{"line":14,"column":null}}],"line":13},"7":{"loc":{"start":{"line":13,"column":18},"end":{"line":13,"column":null}},"type":"binary-expr","locations":[{"start":{"line":13,"column":18},"end":{"line":13,"column":null}},{"start":{"line":13,"column":18},"end":{"line":13,"column":null}}],"line":13}},"s":{"0":2,"1":7,"2":7,"3":7,"4":7,"5":0,"6":7,"7":7,"8":0,"9":7,"10":5,"11":2,"12":7,"13":7,"14":0,"15":7,"16":7,"17":0,"18":7,"19":7,"20":0,"21":7},"f":{"0":7},"b":{"0":[7,0],"1":[7,0],"2":[5,2],"3":[7,0],"4":[7,0],"5":[7,0,0],"6":[7,0],"7":[7,0]},"meta":{"lastBranch":8,"lastFunction":1,"lastStatement":22,"seen":{"s:3:13:14:Infinity":0,"f:3:13:3:28":0,"s:3:28:3:Infinity":1,"s:4:64:4:78":2,"b:4:78:8:Infinity:8:39:8:Infinity":0,"s:4:78:8:Infinity":3,"s:8:12:8:Infinity":4,"s:8:39:8:Infinity":5,"b:8:39:10:Infinity:10:60:10:Infinity":1,"s:8:39:10:Infinity":6,"s:10:16:10:Infinity":7,"s:10:60:10:Infinity":8,"b:10:60:11:Infinity:11:60:11:Infinity":2,"s:10:60:11:Infinity":9,"s:11:16:11:Infinity":10,"s:11:60:11:Infinity":11,"b:11:60:12:Infinity:12:55:12:Infinity":3,"s:11:60:12:Infinity":12,"s:12:16:12:Infinity":13,"s:12:55:12:Infinity":14,"b:12:55:13:Infinity:13:18:13:Infinity":4,"s:12:55:13:Infinity":15,"b:12:55:12:Infinity:12:55:12:Infinity:12:55:12:Infinity":5,"s:9:12:13:Infinity":16,"s:13:18:13:Infinity":17,"b:13:18:14:Infinity:14:11:14:Infinity":6,"s:13:18:14:Infinity":18,"b:13:18:13:Infinity:13:18:13:Infinity":7,"s:7:8:13:Infinity":19,"s:14:11:14:Infinity":20,"s:14:11:7:Infinity":21},"fnNames":{}}}
,"/Users/luismendoza/Proyectos Web/CursoReact/03-gifs-app/src/gifs/counter/hooks/useCounter.tsx": {"path":"/Users/luismendoza/Proyectos Web/CursoReact/03-gifs-app/src/gifs/counter/hooks/useCounter.tsx","statementMap":{"0":{"start":{"line":3,"column":13},"end":{"line":20,"column":null}},"1":{"start":{"line":3,"column":26},"end":{"line":3,"column":27}},"2":{"start":{"line":3,"column":27},"end":{"line":3,"column":null}},"3":{"start":{"line":4,"column":34},"end":{"line":4,"column":57}},"4":{"start":{"line":4,"column":57},"end":{"line":8,"column":null}},"5":{"start":{"line":6,"column":22},"end":{"line":7,"column":null}},"6":{"start":{"line":7,"column":8},"end":{"line":7,"column":31}},"7":{"start":{"line":8,"column":5},"end":{"line":8,"column":null}},"8":{"start":{"line":6,"column":22},"end":{"line":6,"column":null}},"9":{"start":{"line":8,"column":5},"end":{"line":11,"column":null}},"10":{"start":{"line":9,"column":27},"end":{"line":10,"column":null}},"11":{"start":{"line":10,"column":8},"end":{"line":10,"column":31}},"12":{"start":{"line":11,"column":5},"end":{"line":11,"column":null}},"13":{"start":{"line":9,"column":27},"end":{"line":9,"column":null}},"14":{"start":{"line":11,"column":5},"end":{"line":14,"column":null}},"15":{"start":{"line":12,"column":24},"end":{"line":13,"column":null}},"16":{"start":{"line":13,"column":8},"end":{"line":13,"column":32}},"17":{"start":{"line":14,"column":5},"end":{"line":14,"column":null}},"18":{"start":{"line":12,"column":24},"end":{"line":12,"column":null}},"19":{"start":{"line":14,"column":5},"end":{"line":20,"column":null}},"20":{"start":{"line":15,"column":11},"end":{"line":20,"column":5}},"21":{"start":{"line":20,"column":5},"end":{"line":20,"column":null}},"22":{"start":{"line":20,"column":5},"end":{"line":15,"column":null}}},"fnMap":{"0":{"name":"(anonymous_0)","decl":{"start":{"line":3,"column":13},"end":{"line":3,"column":26}},"loc":{"start":{"line":3,"column":26},"end":{"line":20,"column":null}},"line":3},"1":{"name":"(anonymous_1)","decl":{"start":{"line":6,"column":22},"end":{"line":6,"column":null}},"loc":{"start":{"line":6,"column":22},"end":{"line":7,"column":null}},"line":6},"2":{"name":"(anonymous_2)","decl":{"start":{"line":9,"column":27},"end":{"line":9,"column":null}},"loc":{"start":{"line":9,"column":27},"end":{"line":10,"column":null}},"line":9},"3":{"name":"(anonymous_3)","decl":{"start":{"line":12,"column":24},"end":{"line":12,"column":null}},"loc":{"start":{"line":12,"column":24},"end":{"line":13,"column":null}},"line":12}},"branchMap":{"0":{"loc":{"start":{"line":3,"column":27},"end":{"line":3,"column":null}},"type":"cond-expr","locations":[{"start":{"line":3,"column":27},"end":{"line":3,"column":null}},{"start":{"line":3,"column":27},"end":{"line":3,"column":null}}],"line":3},"1":{"loc":{"start":{"line":4,"column":57},"end":{"line":8,"column":null}},"type":"if","locations":[{"start":{"line":4,"column":57},"end":{"line":8,"column":null}},{"start":{"line":8,"column":5},"end":{"line":8,"column":null}}],"line":4},"2":{"loc":{"start":{"line":8,"column":5},"end":{"line":11,"column":null}},"type":"if","locations":[{"start":{"line":8,"column":5},"end":{"line":11,"column":null}},{"start":{"line":11,"column":5},"end":{"line":11,"column":null}}],"line":8},"3":{"loc":{"start":{"line":11,"column":5},"end":{"line":14,"column":null}},"type":"if","locations":[{"start":{"line":11,"column":5},"end":{"line":14,"column":null}},{"start":{"line":14,"column":5},"end":{"line":14,"column":null}}],"line":11},"4":{"loc":{"start":{"line":14,"column":5},"end":{"line":20,"column":null}},"type":"if","locations":[{"start":{"line":14,"column":5},"end":{"line":20,"column":null}},{"start":{"line":20,"column":5},"end":{"line":20,"column":null}}],"line":14},"5":{"loc":{"start":{"line":14,"column":5},"end":{"line":14,"column":null}},"type":"binary-expr","locations":[{"start":{"line":14,"column":5},"end":{"line":14,"column":null}},{"start":{"line":14,"column":5},"end":{"line":14,"column":null}},{"start":{"line":14,"column":5},"end":{"line":14,"column":null}},{"start":{"line":14,"column":5},"end":{"line":14,"column":null}}],"line":14}},"s":{"0":2,"1":14,"2":14,"3":14,"4":14,"5":14,"6":3,"7":0,"8":14,"9":14,"10":14,"11":2,"12":0,"13":14,"14":14,"15":8,"16":1,"17":6,"18":14,"19":14,"20":14,"21":0,"22":14},"f":{"0":14,"1":3,"2":2,"3":1},"b":{"0":[8,6],"1":[14,0],"2":[14,0],"3":[8,6],"4":[14,0],"5":[14,0,0,0]},"meta":{"lastBranch":6,"lastFunction":4,"lastStatement":23,"seen":{"s:3:13:20:Infinity":0,"f:3:13:3:26":0,"s:3:26:3:27":1,"s:3:27:3:Infinity":2,"b:3:27:3:Infinity:3:27:3:Infinity":0,"s:4:34:4:57":3,"b:4:57:8:Infinity:8:5:8:Infinity":1,"s:4:57:8:Infinity":4,"s:6:22:7:Infinity":5,"f:6:22:6:Infinity":1,"s:7:8:7:31":6,"s:8:5:8:Infinity":7,"s:6:22:6:Infinity":8,"b:8:5:11:Infinity:11:5:11:Infinity":2,"s:8:5:11:Infinity":9,"s:9:27:10:Infinity":10,"f:9:27:9:Infinity":2,"s:10:8:10:31":11,"s:11:5:11:Infinity":12,"s:9:27:9:Infinity":13,"b:11:5:14:Infinity:14:5:14:Infinity":3,"s:11:5:14:Infinity":14,"s:12:24:13:Infinity":15,"f:12:24:12:Infinity":3,"s:13:8:13:32":16,"s:14:5:14:Infinity":17,"s:12:24:12:Infinity":18,"b:14:5:20:Infinity:20:5:20:Infinity":4,"s:14:5:20:Infinity":19,"b:14:5:14:Infinity:14:5:14:Infinity:14:5:14:Infinity:14:5:14:Infinity":5,"s:15:11:20:5":20,"s:20:5:20:Infinity":21,"s:20:5:15:Infinity":22},"fnNames":{}}}
,"/Users/luismendoza/Proyectos Web/CursoReact/03-gifs-app/src/gifs/hooks/useGifs.tsx": {"path":"/Users/luismendoza/Proyectos Web/CursoReact/03-gifs-app/src/gifs/hooks/useGifs.tsx","statementMap":{"0":{"start":{"line":5,"column":13},"end":{"line":30,"column":null}},"1":{"start":{"line":5,"column":23},"end":{"line":5,"column":null}},"2":{"start":{"line":5,"column":23},"end":{"line":6,"column":69}},"3":{"start":{"line":6,"column":65},"end":{"line":6,"column":67}},"4":{"start":{"line":6,"column":67},"end":{"line":6,"column":69}},"5":{"start":{"line":6,"column":46},"end":{"line":6,"column":69}},"6":{"start":{"line":6,"column":69},"end":{"line":7,"column":48}},"7":{"start":{"line":7,"column":44},"end":{"line":7,"column":46}},"8":{"start":{"line":7,"column":46},"end":{"line":7,"column":48}},"9":{"start":{"line":7,"column":28},"end":{"line":7,"column":48}},"10":{"start":{"line":7,"column":48},"end":{"line":8,"column":56}},"11":{"start":{"line":8,"column":52},"end":{"line":8,"column":54}},"12":{"start":{"line":8,"column":54},"end":{"line":8,"column":56}},"13":{"start":{"line":8,"column":22},"end":{"line":8,"column":56}},"14":{"start":{"line":8,"column":56},"end":{"line":18,"column":null}},"15":{"start":{"line":10,"column":28},"end":{"line":17,"column":34}},"16":{"start":{"line":11,"column":8},"end":{"line":12,"column":null}},"17":{"start":{"line":12,"column":12},"end":{"line":12,"column":44}},"18":{"start":{"line":12,"column":44},"end":{"line":12,"column":null}},"19":{"start":{"line":15,"column":21},"end":{"line":15,"column":null}},"20":{"start":{"line":16,"column":8},"end":{"line":16,"column":null}},"21":{"start":{"line":17,"column":8},"end":{"line":17,"column":null}},"22":{"start":{"line":18,"column":5},"end":{"line":18,"column":null}},"23":{"start":{"line":10,"column":28},"end":{"line":10,"column":null}},"24":{"start":{"line":18,"column":5},"end":{"line":27,"column":null}},"25":{"start":{"line":19,"column":25},"end":{"line":26,"column":35}},"26":{"start":{"line":19,"column":32},"end":{"line":19,"column":null}},"27":{"start":{"line":20,"column":8},"end":{"line":20,"column":null}},"28":{"start":{"line":21,"column":8},"end":{"line":21,"column":null}},"29":{"start":{"line":21,"column":30},"end":{"line":21,"column":null}},"30":{"start":{"line":22,"column":8},"end":{"line":22,"column":null}},"31":{"start":{"line":22,"column":41},"end":{"line":22,"column":null}},"32":{"start":{"line":23,"column":8},"end":{"line":23,"column":null}},"33":{"start":{"line":24,"column":24},"end":{"line":24,"column":null}},"34":{"start":{"line":25,"column":8},"end":{"line":25,"column":null}},"35":{"start":{"line":26,"column":8},"end":{"line":26,"column":null}},"36":{"start":{"line":27,"column":5},"end":{"line":27,"column":null}},"37":{"start":{"line":19,"column":25},"end":{"line":19,"column":32}},"38":{"start":{"line":27,"column":5},"end":{"line":30,"column":null}},"39":{"start":{"line":28,"column":11},"end":{"line":30,"column":5}},"40":{"start":{"line":30,"column":5},"end":{"line":30,"column":null}},"41":{"start":{"line":30,"column":5},"end":{"line":28,"column":null}}},"fnMap":{"0":{"name":"(anonymous_0)","decl":{"start":{"line":5,"column":13},"end":{"line":5,"column":23}},"loc":{"start":{"line":5,"column":23},"end":{"line":30,"column":null}},"line":5},"1":{"name":"(anonymous_1)","decl":{"start":{"line":10,"column":28},"end":{"line":10,"column":null}},"loc":{"start":{"line":10,"column":28},"end":{"line":17,"column":34}},"line":10},"2":{"name":"(anonymous_2)","decl":{"start":{"line":19,"column":25},"end":{"line":19,"column":32}},"loc":{"start":{"line":19,"column":25},"end":{"line":26,"column":35}},"line":19}},"branchMap":{"0":{"loc":{"start":{"line":5,"column":23},"end":{"line":6,"column":69}},"type":"if","locations":[{"start":{"line":5,"column":23},"end":{"line":6,"column":69}},{"start":{"line":6,"column":67},"end":{"line":6,"column":69}}],"line":5},"1":{"loc":{"start":{"line":6,"column":69},"end":{"line":7,"column":48}},"type":"if","locations":[{"start":{"line":6,"column":69},"end":{"line":7,"column":48}},{"start":{"line":7,"column":46},"end":{"line":7,"column":48}}],"line":6},"2":{"loc":{"start":{"line":7,"column":48},"end":{"line":8,"column":56}},"type":"if","locations":[{"start":{"line":7,"column":48},"end":{"line":8,"column":56}},{"start":{"line":8,"column":54},"end":{"line":8,"column":56}}],"line":7},"3":{"loc":{"start":{"line":8,"column":56},"end":{"line":18,"column":null}},"type":"if","locations":[{"start":{"line":8,"column":56},"end":{"line":18,"column":null}},{"start":{"line":18,"column":5},"end":{"line":18,"column":null}}],"line":8},"4":{"loc":{"start":{"line":11,"column":8},"end":{"line":12,"column":null}},"type":"if","locations":[{"start":{"line":11,"column":8},"end":{"line":12,"column":null}},{"start":{},"end":{}}],"line":11},"5":{"loc":{"start":{"line":18,"column":5},"end":{"line":27,"column":null}},"type":"if","locations":[{"start":{"line":18,"column":5},"end":{"line":27,"column":null}},{"start":{"line":27,"column":5},"end":{"line":27,"column":null}}],"line":18},"6":{"loc":{"start":{"line":19,"column":32},"end":{"line":19,"column":null}},"type":"cond-expr","locations":[{"start":{"line":19,"column":32},"end":{"line":19,"column":null}},{"start":{"line":19,"column":32},"end":{"line":19,"column":null}}],"line":19},"7":{"loc":{"start":{"line":21,"column":8},"end":{"line":21,"column":null}},"type":"if","locations":[{"start":{"line":21,"column":8},"end":{"line":21,"column":null}},{"start":{},"end":{}}],"line":21},"8":{"loc":{"start":{"line":22,"column":8},"end":{"line":22,"column":null}},"type":"if","locations":[{"start":{"line":22,"column":8},"end":{"line":22,"column":null}},{"start":{},"end":{}}],"line":22},"9":{"loc":{"start":{"line":27,"column":5},"end":{"line":30,"column":null}},"type":"if","locations":[{"start":{"line":27,"column":5},"end":{"line":30,"column":null}},{"start":{"line":30,"column":5},"end":{"line":30,"column":null}}],"line":27},"10":{"loc":{"start":{"line":27,"column":5},"end":{"line":27,"column":null}},"type":"binary-expr","locations":[{"start":{"line":27,"column":5},"end":{"line":27,"column":null}},{"start":{"line":27,"column":5},"end":{"line":27,"column":null}},{"start":{"line":27,"column":5},"end":{"line":27,"column":null}}],"line":27}},"s":{"0":2,"1":19,"2":19,"3":6,"4":13,"5":19,"6":19,"7":6,"8":13,"9":19,"10":19,"11":6,"12":13,"13":19,"14":19,"15":6,"16":3,"17":1,"18":1,"19":2,"20":2,"21":2,"22":13,"23":19,"24":19,"25":16,"26":10,"27":10,"28":10,"29":0,"30":10,"31":0,"32":10,"33":10,"34":10,"35":10,"36":3,"37":19,"38":19,"39":18,"40":1,"41":19},"f":{"0":19,"1":3,"2":10},"b":{"0":[6,13],"1":[6,13],"2":[6,13],"3":[6,13],"4":[1,2],"5":[16,3],"6":[0,10],"7":[0,10],"8":[0,10],"9":[18,1],"10":[19,9,1]},"meta":{"lastBranch":11,"lastFunction":3,"lastStatement":42,"seen":{"s:5:13:30:Infinity":0,"f:5:13:5:23":0,"s:5:23:5:Infinity":1,"b:5:23:6:69:6:67:6:69":0,"s:5:23:6:69":2,"s:6:65:6:67":3,"s:6:67:6:69":4,"s:6:46:6:69":5,"b:6:69:7:48:7:46:7:48":1,"s:6:69:7:48":6,"s:7:44:7:46":7,"s:7:46:7:48":8,"s:7:28:7:48":9,"b:7:48:8:56:8:54:8:56":2,"s:7:48:8:56":10,"s:8:52:8:54":11,"s:8:54:8:56":12,"s:8:22:8:56":13,"b:8:56:18:Infinity:18:5:18:Infinity":3,"s:8:56:18:Infinity":14,"s:10:28:17:34":15,"f:10:28:10:Infinity":1,"b:11:8:12:Infinity:undefined:undefined:undefined:undefined":4,"s:11:8:12:Infinity":16,"s:12:12:12:44":17,"s:12:44:12:Infinity":18,"s:15:21:15:Infinity":19,"s:16:8:16:Infinity":20,"s:17:8:17:Infinity":21,"s:18:5:18:Infinity":22,"s:10:28:10:Infinity":23,"b:18:5:27:Infinity:27:5:27:Infinity":5,"s:18:5:27:Infinity":24,"s:19:25:26:35":25,"f:19:25:19:32":2,"s:19:32:19:Infinity":26,"b:19:32:19:Infinity:19:32:19:Infinity":6,"s:20:8:20:Infinity":27,"b:21:8:21:Infinity:undefined:undefined:undefined:undefined":7,"s:21:8:21:Infinity":28,"s:21:30:21:Infinity":29,"b:22:8:22:Infinity:undefined:undefined:undefined:undefined":8,"s:22:8:22:Infinity":30,"s:22:41:22:Infinity":31,"s:23:8:23:Infinity":32,"s:24:24:24:Infinity":33,"s:25:8:25:Infinity":34,"s:26:8:26:Infinity":35,"s:27:5:27:Infinity":36,"s:19:25:19:32":37,"b:27:5:30:Infinity:30:5:30:Infinity":9,"s:27:5:30:Infinity":38,"b:27:5:27:Infinity:27:5:27:Infinity:27:5:27:Infinity":10,"s:28:11:30:5":39,"s:30:5:30:Infinity":40,"s:30:5:28:Infinity":41},"fnNames":{}}}
,"/Users/luismendoza/Proyectos Web/CursoReact/03-gifs-app/src/shared/components/CustomHeader.tsx": {"path":"/Users/luismendoza/Proyectos Web/CursoReact/03-gifs-app/src/shared/components/CustomHeader.tsx","statementMap":{"0":{"start":{"line":6,"column":13},"end":{"line":11,"column":null}},"1":{"start":{"line":6,"column":28},"end":{"line":6,"column":29}},"2":{"start":{"line":6,"column":29},"end":{"line":6,"column":58}},"3":{"start":{"line":6,"column":58},"end":{"line":9,"column":null}},"4":{"start":{"line":9,"column":12},"end":{"line":9,"column":null}},"5":{"start":{"line":9,"column":28},"end":{"line":9,"column":null}},"6":{"start":{"line":9,"column":28},"end":{"line":10,"column":null}},"7":{"start":{"line":10,"column":13},"end":{"line":10,"column":null}},"8":{"start":{"line":10,"column":48},"end":{"line":10,"column":null}},"9":{"start":{"line":10,"column":48},"end":{"line":11,"column":null}},"10":{"start":{"line":8,"column":8},"end":{"line":11,"column":null}},"11":{"start":{"line":11,"column":17},"end":{"line":11,"column":null}},"12":{"start":{"line":11,"column":17},"end":{"line":8,"column":26}}},"fnMap":{"0":{"name":"(anonymous_0)","decl":{"start":{"line":6,"column":13},"end":{"line":6,"column":28}},"loc":{"start":{"line":6,"column":28},"end":{"line":11,"column":null}},"line":6}},"branchMap":{"0":{"loc":{"start":{"line":6,"column":58},"end":{"line":9,"column":null}},"type":"if","locations":[{"start":{"line":6,"column":58},"end":{"line":9,"column":null}},{"start":{"line":9,"column":28},"end":{"line":9,"column":null}}],"line":6},"1":{"loc":{"start":{"line":9,"column":28},"end":{"line":10,"column":null}},"type":"if","locations":[{"start":{"line":9,"column":28},"end":{"line":10,"column":null}},{"start":{"line":10,"column":48},"end":{"line":10,"column":null}}],"line":9},"2":{"loc":{"start":{"line":10,"column":13},"end":{"line":10,"column":null}},"type":"binary-expr","locations":[{"start":{"line":10,"column":13},"end":{"line":10,"column":28}},{"start":{"line":10,"column":28},"end":{"line":10,"column":null}}],"line":10},"3":{"loc":{"start":{"line":10,"column":48},"end":{"line":11,"column":null}},"type":"if","locations":[{"start":{"line":10,"column":48},"end":{"line":11,"column":null}},{"start":{"line":11,"column":17},"end":{"line":11,"column":null}}],"line":10},"4":{"loc":{"start":{"line":10,"column":48},"end":{"line":10,"column":null}},"type":"binary-expr","locations":[{"start":{"line":10,"column":48},"end":{"line":10,"column":null}},{"start":{"line":10,"column":48},"end":{"line":10,"column":null}}],"line":10}},"s":{"0":2,"1":4,"2":4,"3":4,"4":4,"5":0,"6":4,"7":4,"8":0,"9":4,"10":4,"11":0,"12":4},"f":{"0":4},"b":{"0":[4,0],"1":[4,0],"2":[4,2],"3":[4,0],"4":[4,0]},"meta":{"lastBranch":5,"lastFunction":1,"lastStatement":13,"seen":{"s:6:13:11:Infinity":0,"f:6:13:6:28":0,"s:6:28:6:29":1,"s:6:29:6:58":2,"b:6:58:9:Infinity:9:28:9:Infinity":0,"s:6:58:9:Infinity":3,"s:9:12:9:Infinity":4,"s:9:28:9:Infinity":5,"b:9:28:10:Infinity:10:48:10:Infinity":1,"s:9:28:10:Infinity":6,"s:10:13:10:Infinity":7,"b:10:13:10:28:10:28:10:Infinity":2,"s:10:48:10:Infinity":8,"b:10:48:11:Infinity:11:17:11:Infinity":3,"s:10:48:11:Infinity":9,"b:10:48:10:Infinity:10:48:10:Infinity":4,"s:8:8:11:Infinity":10,"s:11:17:11:Infinity":11,"s:11:17:8:26":12},"fnNames":{}}}
,"/Users/luismendoza/Proyectos Web/CursoReact/03-gifs-app/src/shared/components/SearchBar.tsx": {"path":"/Users/luismendoza/Proyectos Web/CursoReact/03-gifs-app/src/shared/components/SearchBar.tsx","statementMap":{"0":{"start":{"line":8,"column":13},"end":{"line":28,"column":null}},"1":{"start":{"line":8,"column":25},"end":{"line":8,"column":26}},"2":{"start":{"line":8,"column":26},"end":{"line":8,"column":28}},"3":{"start":{"line":8,"column":28},"end":{"line":8,"column":null}},"4":{"start":{"line":9,"column":30},"end":{"line":9,"column":43}},"5":{"start":{"line":9,"column":43},"end":{"line":17,"column":24}},"6":{"start":{"line":10,"column":14},"end":{"line":16,"column":null}},"7":{"start":{"line":11,"column":26},"end":{"line":13,"column":16}},"8":{"start":{"line":12,"column":12},"end":{"line":12,"column":26}},"9":{"start":{"line":13,"column":16},"end":{"line":15,"column":null}},"10":{"start":{"line":15,"column":12},"end":{"line":15,"column":35}},"11":{"start":{"line":17,"column":7},"end":{"line":17,"column":23}},"12":{"start":{"line":17,"column":23},"end":{"line":17,"column":24}},"13":{"start":{"line":10,"column":4},"end":{"line":17,"column":24}},"14":{"start":{"line":17,"column":24},"end":{"line":20,"column":null}},"15":{"start":{"line":18,"column":25},"end":{"line":19,"column":null}},"16":{"start":{"line":19,"column":8},"end":{"line":19,"column":22}},"17":{"start":{"line":20,"column":5},"end":{"line":20,"column":null}},"18":{"start":{"line":18,"column":25},"end":{"line":18,"column":null}},"19":{"start":{"line":20,"column":5},"end":{"line":23,"column":null}},"20":{"start":{"line":21,"column":26},"end":{"line":22,"column":null}},"21":{"start":{"line":22,"column":8},"end":{"line":22,"column":50}},"22":{"start":{"line":22,"column":35},"end":{"line":22,"column":49}},"23":{"start":{"line":23,"column":5},"end":{"line":23,"column":null}},"24":{"start":{"line":21,"column":26},"end":{"line":21,"column":null}},"25":{"start":{"line":23,"column":5},"end":{"line":26,"column":133}},"26":{"start":{"line":26,"column":81},"end":{"line":26,"column":120}},"27":{"start":{"line":26,"column":92},"end":{"line":26,"column":120}},"28":{"start":{"line":26,"column":120},"end":{"line":26,"column":133}},"29":{"start":{"line":26,"column":120},"end":{"line":26,"column":null}},"30":{"start":{"line":26,"column":12},"end":{"line":26,"column":150}},"31":{"start":{"line":26,"column":150},"end":{"line":26,"column":null}},"32":{"start":{"line":26,"column":150},"end":{"line":27,"column":null}},"33":{"start":{"line":27,"column":12},"end":{"line":27,"column":null}},"34":{"start":{"line":27,"column":58},"end":{"line":27,"column":null}},"35":{"start":{"line":27,"column":58},"end":{"line":28,"column":null}},"36":{"start":{"line":25,"column":8},"end":{"line":28,"column":null}},"37":{"start":{"line":28,"column":14},"end":{"line":28,"column":null}},"38":{"start":{"line":28,"column":14},"end":{"line":25,"column":23}}},"fnMap":{"0":{"name":"(anonymous_0)","decl":{"start":{"line":8,"column":13},"end":{"line":8,"column":25}},"loc":{"start":{"line":8,"column":25},"end":{"line":28,"column":null}},"line":8},"1":{"name":"(anonymous_1)","decl":{"start":{"line":10,"column":14},"end":{"line":10,"column":null}},"loc":{"start":{"line":10,"column":14},"end":{"line":16,"column":null}},"line":10},"2":{"name":"(anonymous_2)","decl":{"start":{"line":11,"column":26},"end":{"line":11,"column":37}},"loc":{"start":{"line":11,"column":37},"end":{"line":12,"column":null}},"line":11},"3":{"name":"(anonymous_3)","decl":{"start":{"line":13,"column":16},"end":{"line":13,"column":null}},"loc":{"start":{"line":14,"column":15},"end":{"line":15,"column":null}},"line":14},"4":{"name":"(anonymous_4)","decl":{"start":{"line":18,"column":25},"end":{"line":18,"column":null}},"loc":{"start":{"line":18,"column":25},"end":{"line":19,"column":null}},"line":18},"5":{"name":"(anonymous_5)","decl":{"start":{"line":21,"column":26},"end":{"line":21,"column":null}},"loc":{"start":{"line":21,"column":26},"end":{"line":22,"column":null}},"line":21},"6":{"name":"(anonymous_6)","decl":{"start":{"line":26,"column":81},"end":{"line":26,"column":92}},"loc":{"start":{"line":26,"column":92},"end":{"line":26,"column":120}},"line":26}},"branchMap":{"0":{"loc":{"start":{"line":8,"column":28},"end":{"line":8,"column":null}},"type":"cond-expr","locations":[{"start":{"line":8,"column":28},"end":{"line":8,"column":null}},{"start":{"line":8,"column":28},"end":{"line":8,"column":null}}],"line":8},"1":{"loc":{"start":{"line":9,"column":43},"end":{"line":17,"column":24}},"type":"if","locations":[{"start":{"line":9,"column":43},"end":{"line":17,"column":24}},{"start":{"line":17,"column":23},"end":{"line":17,"column":24}}],"line":9},"2":{"loc":{"start":{"line":9,"column":43},"end":{"line":9,"column":null}},"type":"binary-expr","locations":[{"start":{"line":9,"column":43},"end":{"line":9,"column":null}},{"start":{"line":9,"column":43},"end":{"line":9,"column":null}}],"line":9},"3":{"loc":{"start":{"line":17,"column":24},"end":{"line":20,"column":null}},"type":"if","locations":[{"start":{"line":17,"column":24},"end":{"line":20,"column":null}},{"start":{"line":20,"column":5},"end":{"line":20,"column":null}}],"line":17},"4":{"loc":{"start":{"line":17,"column":24},"end":{"line":17,"column":null}},"type":"binary-expr","locations":[{"start":{"line":17,"column":24},"end":{"line":17,"column":null}},{"start":{"line":17,"column":24},"end":{"line":17,"column":null}}],"line":17},"5":{"loc":{"start":{"line":20,"column":5},"end":{"line":23,"column":null}},"type":"if","locations":[{"start":{"line":20,"column":5},"end":{"line":23,"column":null}},{"start":{"line":23,"column":5},"end":{"line":23,"column":null}}],"line":20},"6":{"loc":{"start":{"line":22,"column":8},"end":{"line":22,"column":50}},"type":"if","locations":[{"start":{"line":22,"column":8},"end":{"line":22,"column":50}},{"start":{},"end":{}}],"line":22},"7":{"loc":{"start":{"line":23,"column":5},"end":{"line":26,"column":133}},"type":"if","locations":[{"start":{"line":23,"column":5},"end":{"line":26,"column":133}},{"start":{"line":26,"column":120},"end":{"line":26,"column":133}}],"line":23},"8":{"loc":{"start":{"line":26,"column":120},"end":{"line":26,"column":null}},"type":"if","locations":[{"start":{"line":26,"column":120},"end":{"line":26,"column":null}},{"start":{"line":26,"column":150},"end":{"line":26,"column":null}}],"line":26},"9":{"loc":{"start":{"line":26,"column":120},"end":{"line":26,"column":133}},"type":"binary-expr","locations":[{"start":{"line":26,"column":120},"end":{"line":26,"column":133}},{"start":{"line":26,"column":120},"end":{"line":26,"column":133}},{"start":{"line":26,"column":120},"end":{"line":26,"column":133}}],"line":26},"10":{"loc":{"start":{"line":26,"column":150},"end":{"line":27,"column":null}},"type":"if","locations":[{"start":{"line":26,"column":150},"end":{"line":27,"column":null}},{"start":{"line":27,"column":58},"end":{"line":27,"column":null}}],"line":26},"11":{"loc":{"start":{"line":27,"column":58},"end":{"line":28,"column":null}},"type":"if","locations":[{"start":{"line":27,"column":58},"end":{"line":28,"column":null}},{"start":{"line":28,"column":14},"end":{"line":28,"column":null}}],"line":27},"12":{"loc":{"start":{"line":27,"column":58},"end":{"line":27,"column":null}},"type":"binary-expr","locations":[{"start":{"line":27,"column":58},"end":{"line":27,"column":null}},{"start":{"line":27,"column":58},"end":{"line":27,"column":null}}],"line":27}},"s":{"0":2,"1":12,"2":12,"3":12,"4":12,"5":12,"6":12,"7":12,"8":2,"9":12,"10":12,"11":12,"12":0,"13":12,"14":12,"15":12,"16":1,"17":0,"18":12,"19":12,"20":12,"21":0,"22":0,"23":0,"24":12,"25":12,"26":6,"27":6,"28":6,"29":12,"30":12,"31":0,"32":12,"33":12,"34":0,"35":12,"36":12,"37":0,"38":12},"f":{"0":12,"1":12,"2":2,"3":12,"4":1,"5":0,"6":6},"b":{"0":[10,2],"1":[12,0],"2":[12,6],"3":[12,0],"4":[12,6],"5":[12,0],"6":[0,0],"7":[6,6],"8":[12,0],"9":[12,0,0],"10":[12,0],"11":[12,0],"12":[12,0]},"meta":{"lastBranch":13,"lastFunction":7,"lastStatement":39,"seen":{"s:8:13:28:Infinity":0,"f:8:13:8:25":0,"s:8:25:8:26":1,"s:8:26:8:28":2,"s:8:28:8:Infinity":3,"b:8:28:8:Infinity:8:28:8:Infinity":0,"s:9:30:9:43":4,"b:9:43:17:24:17:23:17:24":1,"s:9:43:17:24":5,"b:9:43:9:Infinity:9:43:9:Infinity":2,"s:10:14:16:Infinity":6,"f:10:14:10:Infinity":1,"s:11:26:13:16":7,"f:11:26:11:37":2,"s:12:12:12:26":8,"s:13:16:15:Infinity":9,"f:13:16:13:Infinity":3,"s:15:12:15:35":10,"s:17:7:17:23":11,"s:17:23:17:24":12,"s:10:4:17:24":13,"b:17:24:20:Infinity:20:5:20:Infinity":3,"s:17:24:20:Infinity":14,"b:17:24:17:Infinity:17:24:17:Infinity":4,"s:18:25:19:Infinity":15,"f:18:25:18:Infinity":4,"s:19:8:19:22":16,"s:20:5:20:Infinity":17,"s:18:25:18:Infinity":18,"b:20:5:23:Infinity:23:5:23:Infinity":5,"s:20:5:23:Infinity":19,"s:21:26:22:Infinity":20,"f:21:26:21:Infinity":5,"b:22:8:22:50:undefined:undefined:undefined:undefined":6,"s:22:8:22:50":21,"s:22:35:22:49":22,"s:23:5:23:Infinity":23,"s:21:26:21:Infinity":24,"b:23:5:26:133:26:120:26:133":7,"s:23:5:26:133":25,"s:26:81:26:120":26,"f:26:81:26:92":6,"s:26:92:26:120":27,"s:26:120:26:133":28,"b:26:120:26:Infinity:26:150:26:Infinity":8,"s:26:120:26:Infinity":29,"b:26:120:26:133:26:120:26:133:26:120:26:133":9,"s:26:12:26:150":30,"s:26:150:26:Infinity":31,"b:26:150:27:Infinity:27:58:27:Infinity":10,"s:26:150:27:Infinity":32,"s:27:12:27:Infinity":33,"s:27:58:27:Infinity":34,"b:27:58:28:Infinity:28:14:28:Infinity":11,"s:27:58:28:Infinity":35,"b:27:58:27:Infinity:27:58:27:Infinity":12,"s:25:8:28:Infinity":36,"s:28:14:28:Infinity":37,"s:28:14:25:23":38},"fnNames":{}}}
,"/Users/luismendoza/Proyectos Web/CursoReact/03-gifs-app/tests/mocks/giphy.response.data.ts": {"path":"/Users/luismendoza/Proyectos Web/CursoReact/03-gifs-app/tests/mocks/giphy.response.data.ts","statementMap":{"0":{"start":{"line":1,"column":33},"end":{"line":2058,"column":null}}},"fnMap":{},"branchMap":{},"s":{"0":1},"f":{},"b":{},"meta":{"lastBranch":0,"lastFunction":0,"lastStatement":1,"seen":{"s:1:33:2058:Infinity":0},"fnNames":{}}}
}
