<?xml version="1.0" encoding="UTF-8"?>
<coverage generated="1787690341851" clover="3.2.0">
  <project timestamp="1787690341851" name="All files">
    <metrics statements="41" coveredstatements="39" conditionals="40" coveredconditionals="26" methods="9" coveredmethods="8" elements="90" coveredelements="73" complexity="0" loc="41" ncloc="41" packages="3" files="5" classes="5"/>
    <package name="src">
      <metrics statements="18" coveredstatements="18" conditionals="12" coveredconditionals="6" methods="2" coveredmethods="2"/>
      <file name="FirstStepsApp.tsx" path="/Users/luismendoza/Proyectos Web/CursoReact/02-first-steps/src/FirstStepsApp.tsx">
        <metrics statements="4" coveredstatements="4" conditionals="2" coveredconditionals="1" methods="1" coveredmethods="1"/>
        <line num="8" count="1" type="stmt"/>
        <line num="14" count="9" type="cond" truecount="1" falsecount="1"/>
        <line num="16" count="3" type="stmt"/>
        <line num="25" count="3" type="stmt"/>
      </file>
      <file name="MyAwesomeApp.tsx" path="/Users/luismendoza/Proyectos Web/CursoReact/02-first-steps/src/MyAwesomeApp.tsx">
        <metrics statements="14" coveredstatements="14" conditionals="10" coveredconditionals="5" methods="1" coveredmethods="1"/>
        <line num="3" count="1" type="stmt"/>
        <line num="4" count="1" type="stmt"/>
        <line num="5" count="1" type="stmt"/>
        <line num="6" count="1" type="stmt"/>
        <line num="7" count="1" type="stmt"/>
        <line num="11" count="1" type="stmt"/>
        <line num="18" count="2" type="cond" truecount="1" falsecount="1"/>
        <line num="20" count="2" type="stmt"/>
        <line num="21" count="2" type="stmt"/>
        <line num="22" count="2" type="stmt"/>
        <line num="23" count="2" type="stmt"/>
        <line num="24" count="2" type="cond" truecount="1" falsecount="1"/>
        <line num="25" count="2" type="cond" truecount="2" falsecount="2"/>
        <line num="27" count="2" type="stmt"/>
      </file>
    </package>
    <package name="src.helpers">
      <metrics statements="8" coveredstatements="7" conditionals="0" coveredconditionals="0" methods="4" coveredmethods="3"/>
      <file name="math.helper.ts" path="/Users/luismendoza/Proyectos Web/CursoReact/02-first-steps/src/helpers/math.helper.ts">
        <metrics statements="8" coveredstatements="7" conditionals="0" coveredconditionals="0" methods="4" coveredmethods="3"/>
        <line num="1" count="1" type="stmt"/>
        <line num="2" count="1" type="stmt"/>
        <line num="4" count="1" type="stmt"/>
        <line num="5" count="2" type="stmt"/>
        <line num="7" count="1" type="stmt"/>
        <line num="8" count="2" type="stmt"/>
        <line num="10" count="1" type="stmt"/>
        <line num="11" count="0" type="stmt"/>
      </file>
    </package>
    <package name="src.shopping-cart">
      <metrics statements="15" coveredstatements="14" conditionals="28" coveredconditionals="20" methods="3" coveredmethods="3"/>
      <file name="ItemCounter.css" path="/Users/luismendoza/Proyectos Web/CursoReact/02-first-steps/src/shopping-cart/ItemCounter.css">
        <metrics statements="0" coveredstatements="0" conditionals="0" coveredconditionals="0" methods="0" coveredmethods="0"/>
      </file>
      <file name="ItemCounter.tsx" path="/Users/luismendoza/Proyectos Web/CursoReact/02-first-steps/src/shopping-cart/ItemCounter.tsx">
        <metrics statements="15" coveredstatements="14" conditionals="28" coveredconditionals="20" methods="3" coveredmethods="3"/>
        <line num="10" count="9" type="cond" truecount="2" falsecount="0"/>
        <line num="11" count="9" type="cond" truecount="1" falsecount="1"/>
        <line num="13" count="9" type="stmt"/>
        <line num="14" count="1" type="stmt"/>
        <line num="15" count="9" type="cond" truecount="1" falsecount="1"/>
        <line num="16" count="9" type="stmt"/>
        <line num="17" count="2" type="cond" truecount="2" falsecount="0"/>
        <line num="18" count="1" type="stmt"/>
        <line num="19" count="0" type="stmt"/>
        <line num="22" count="9" type="stmt"/>
        <line num="23" count="9" type="cond" truecount="9" falsecount="1"/>
        <line num="24" count="9" type="cond" truecount="1" falsecount="1"/>
        <line num="25" count="9" type="cond" truecount="1" falsecount="1"/>
        <line num="26" count="9" type="cond" truecount="3" falsecount="3"/>
        <line num="27" count="9" type="stmt"/>
      </file>
    </package>
  </project>
</coverage>
