{"/Users/luismendoza/Proyectos Web/CursoReact/02-first-steps/src/FirstStepsApp.tsx": {"path":"/Users/luismendoza/Proyectos Web/CursoReact/02-first-steps/src/FirstStepsApp.tsx","statementMap":{"0":{"start":{"line":8,"column":34},"end":{"line":11,"column":null}},"1":{"start":{"line":14,"column":7},"end":{"line":14,"column":null}},"2":{"start":{"line":14,"column":7},"end":{"line":25,"column":null}},"3":{"start":{"line":16,"column":8},"end":{"line":19,"column":null}},"4":{"start":{"line":25,"column":11},"end":{"line":25,"column":null}},"5":{"start":{"line":25,"column":11},"end":{"line":16,"column":null}},"6":{"start":{"line":14,"column":7},"end":{"line":19,"column":125}}},"fnMap":{"0":{"name":"FirstStepsApp","decl":{"start":{"line":14,"column":7},"end":{"line":14,"column":null}},"loc":{"start":{"line":14,"column":7},"end":{"line":25,"column":null}},"line":14}},"branchMap":{"0":{"loc":{"start":{"line":14,"column":7},"end":{"line":25,"column":null}},"type":"if","locations":[{"start":{"line":14,"column":7},"end":{"line":25,"column":null}},{"start":{"line":25,"column":11},"end":{"line":25,"column":null}}],"line":14}},"s":{"0":1,"1":3,"2":3,"3":3,"4":0,"5":3,"6":9},"f":{"0":12},"b":{"0":[3,0]},"meta":{"lastBranch":1,"lastFunction":1,"lastStatement":7,"seen":{"s:8:34:11:Infinity":0,"f:14:7:14:Infinity":0,"s:14:7:14:Infinity":1,"b:14:7:25:Infinity:25:11:25:Infinity":0,"s:14:7:25:Infinity":2,"s:16:8:19:Infinity":3,"s:25:11:25:Infinity":4,"s:25:11:16:Infinity":5,"s:14:7:19:125":6},"fnNames":{}}}
,"/Users/luismendoza/Proyectos Web/CursoReact/02-first-steps/src/MyAwesomeApp.tsx": {"path":"/Users/luismendoza/Proyectos Web/CursoReact/02-first-steps/src/MyAwesomeApp.tsx","statementMap":{"0":{"start":{"line":3,"column":18},"end":{"line":3,"column":null}},"1":{"start":{"line":4,"column":17},"end":{"line":4,"column":null}},"2":{"start":{"line":5,"column":22},"end":{"line":5,"column":null}},"3":{"start":{"line":6,"column":17},"end":{"line":6,"column":null}},"4":{"start":{"line":7,"column":16},"end":{"line":10,"column":null}},"5":{"start":{"line":11,"column":32},"end":{"line":16,"column":null}},"6":{"start":{"line":18,"column":7},"end":{"line":18,"column":null}},"7":{"start":{"line":18,"column":7},"end":{"line":24,"column":null}},"8":{"start":{"line":21,"column":12},"end":{"line":21,"column":null}},"9":{"start":{"line":22,"column":12},"end":{"line":22,"column":null}},"10":{"start":{"line":23,"column":12},"end":{"line":23,"column":null}},"11":{"start":{"line":24,"column":12},"end":{"line":24,"column":null}},"12":{"start":{"line":24,"column":26},"end":{"line":24,"column":null}},"13":{"start":{"line":24,"column":26},"end":{"line":25,"column":null}},"14":{"start":{"line":25,"column":12},"end":{"line":25,"column":null}},"15":{"start":{"line":25,"column":54},"end":{"line":25,"column":null}},"16":{"start":{"line":25,"column":54},"end":{"line":27,"column":null}},"17":{"start":{"line":20,"column":8},"end":{"line":26,"column":null}},"18":{"start":{"line":27,"column":11},"end":{"line":27,"column":null}},"19":{"start":{"line":27,"column":11},"end":{"line":20,"column":null}}},"fnMap":{"0":{"name":"MyAwesomeApp","decl":{"start":{"line":18,"column":7},"end":{"line":18,"column":null}},"loc":{"start":{"line":18,"column":7},"end":{"line":27,"column":null}},"line":18}},"branchMap":{"0":{"loc":{"start":{"line":13,"column":18},"end":{"line":13,"column":null}},"type":"cond-expr","locations":[{"start":{"line":13,"column":29},"end":{"line":13,"column":34}},{"start":{"line":13,"column":34},"end":{"line":13,"column":null}}],"line":13},"1":{"loc":{"start":{"line":18,"column":7},"end":{"line":24,"column":null}},"type":"if","locations":[{"start":{"line":18,"column":7},"end":{"line":24,"column":null}},{"start":{"line":24,"column":26},"end":{"line":24,"column":null}}],"line":18},"2":{"loc":{"start":{"line":24,"column":26},"end":{"line":25,"column":null}},"type":"if","locations":[{"start":{"line":24,"column":26},"end":{"line":25,"column":null}},{"start":{"line":25,"column":54},"end":{"line":25,"column":null}}],"line":24},"3":{"loc":{"start":{"line":25,"column":16},"end":{"line":25,"column":54}},"type":"cond-expr","locations":[{"start":{"line":25,"column":16},"end":{"line":25,"column":54}},{"start":{"line":25,"column":16},"end":{"line":25,"column":54}}],"line":25},"4":{"loc":{"start":{"line":25,"column":54},"end":{"line":27,"column":null}},"type":"if","locations":[{"start":{"line":25,"column":54},"end":{"line":27,"column":null}},{"start":{"line":27,"column":11},"end":{"line":27,"column":null}}],"line":25}},"s":{"0":1,"1":1,"2":1,"3":1,"4":1,"5":1,"6":2,"7":2,"8":2,"9":2,"10":2,"11":2,"12":0,"13":2,"14":2,"15":0,"16":2,"17":2,"18":0,"19":2},"f":{"0":2},"b":{"0":[1,0],"1":[2,0],"2":[2,0],"3":[2,0],"4":[2,0]},"meta":{"lastBranch":5,"lastFunction":1,"lastStatement":20,"seen":{"s:3:18:3:Infinity":0,"s:4:17:4:Infinity":1,"s:5:22:5:Infinity":2,"s:6:17:6:Infinity":3,"s:7:16:10:Infinity":4,"s:11:32:16:Infinity":5,"b:13:29:13:34:13:34:13:Infinity":0,"f:18:7:18:Infinity":0,"s:18:7:18:Infinity":6,"b:18:7:24:Infinity:24:26:24:Infinity":1,"s:18:7:24:Infinity":7,"s:21:12:21:Infinity":8,"s:22:12:22:Infinity":9,"s:23:12:23:Infinity":10,"s:24:12:24:Infinity":11,"s:24:26:24:Infinity":12,"b:24:26:25:Infinity:25:54:25:Infinity":2,"s:24:26:25:Infinity":13,"s:25:12:25:Infinity":14,"b:25:16:25:54:25:16:25:54":3,"s:25:54:25:Infinity":15,"b:25:54:27:Infinity:27:11:27:Infinity":4,"s:25:54:27:Infinity":16,"s:20:8:26:Infinity":17,"s:27:11:27:Infinity":18,"s:27:11:20:Infinity":19},"fnNames":{}}}
,"/Users/luismendoza/Proyectos Web/CursoReact/02-first-steps/src/helpers/math.helper.ts": {"path":"/Users/luismendoza/Proyectos Web/CursoReact/02-first-steps/src/helpers/math.helper.ts","statementMap":{"0":{"start":{"line":1,"column":13},"end":{"line":3,"column":null}},"1":{"start":{"line":2,"column":4},"end":{"line":2,"column":null}},"2":{"start":{"line":4,"column":13},"end":{"line":6,"column":null}},"3":{"start":{"line":5,"column":4},"end":{"line":5,"column":null}},"4":{"start":{"line":7,"column":13},"end":{"line":9,"column":null}},"5":{"start":{"line":8,"column":4},"end":{"line":8,"column":null}},"6":{"start":{"line":10,"column":13},"end":{"line":12,"column":null}},"7":{"start":{"line":11,"column":4},"end":{"line":11,"column":null}}},"fnMap":{"0":{"name":"(anonymous_0)","decl":{"start":{"line":1,"column":13},"end":{"line":1,"column":20}},"loc":{"start":{"line":1,"column":45},"end":{"line":3,"column":null}},"line":1},"1":{"name":"(anonymous_1)","decl":{"start":{"line":4,"column":13},"end":{"line":4,"column":25}},"loc":{"start":{"line":4,"column":50},"end":{"line":6,"column":null}},"line":4},"2":{"name":"(anonymous_2)","decl":{"start":{"line":7,"column":13},"end":{"line":7,"column":25}},"loc":{"start":{"line":7,"column":50},"end":{"line":9,"column":null}},"line":7},"3":{"name":"(anonymous_3)","decl":{"start":{"line":10,"column":13},"end":{"line":10,"column":23}},"loc":{"start":{"line":10,"column":48},"end":{"line":12,"column":null}},"line":10}},"branchMap":{},"s":{"0":1,"1":1,"2":1,"3":2,"4":1,"5":2,"6":1,"7":0},"f":{"0":1,"1":2,"2":2,"3":0},"b":{},"meta":{"lastBranch":0,"lastFunction":4,"lastStatement":8,"seen":{"s:1:13:3:Infinity":0,"f:1:13:1:20":0,"s:2:4:2:Infinity":1,"s:4:13:6:Infinity":2,"f:4:13:4:25":1,"s:5:4:5:Infinity":3,"s:7:13:9:Infinity":4,"f:7:13:7:25":2,"s:8:4:8:Infinity":5,"s:10:13:12:Infinity":6,"f:10:13:10:23":3,"s:11:4:11:Infinity":7},"fnNames":{}}}
,"/Users/luismendoza/Proyectos Web/CursoReact/02-first-steps/src/shopping-cart/ItemCounter.css": {"path":"/Users/luismendoza/Proyectos Web/CursoReact/02-first-steps/src/shopping-cart/ItemCounter.css","statementMap":{},"fnMap":{},"branchMap":{},"s":{},"f":{},"b":{},"meta":{"lastBranch":0,"lastFunction":0,"lastStatement":0,"seen":{},"fnNames":{}}}
,"/Users/luismendoza/Proyectos Web/CursoReact/02-first-steps/src/shopping-cart/ItemCounter.tsx": {"path":"/Users/luismendoza/Proyectos Web/CursoReact/02-first-steps/src/shopping-cart/ItemCounter.tsx","statementMap":{"0":{"start":{"line":10,"column":13},"end":{"line":27,"column":null}},"1":{"start":{"line":10,"column":27},"end":{"line":10,"column":28}},"2":{"start":{"line":10,"column":28},"end":{"line":10,"column":36}},"3":{"start":{"line":10,"column":36},"end":{"line":10,"column":null}},"4":{"start":{"line":11,"column":30},"end":{"line":11,"column":49}},"5":{"start":{"line":11,"column":49},"end":{"line":15,"column":null}},"6":{"start":{"line":13,"column":22},"end":{"line":14,"column":null}},"7":{"start":{"line":14,"column":8},"end":{"line":14,"column":27}},"8":{"start":{"line":15,"column":5},"end":{"line":15,"column":null}},"9":{"start":{"line":13,"column":22},"end":{"line":13,"column":null}},"10":{"start":{"line":15,"column":5},"end":{"line":19,"column":null}},"11":{"start":{"line":16,"column":27},"end":{"line":18,"column":null}},"12":{"start":{"line":17,"column":8},"end":{"line":17,"column":null}},"13":{"start":{"line":17,"column":23},"end":{"line":17,"column":null}},"14":{"start":{"line":18,"column":8},"end":{"line":18,"column":27}},"15":{"start":{"line":19,"column":5},"end":{"line":19,"column":null}},"16":{"start":{"line":16,"column":27},"end":{"line":16,"column":null}},"17":{"start":{"line":23,"column":56},"end":{"line":23,"column":66}},"18":{"start":{"line":23,"column":85},"end":{"line":23,"column":90}},"19":{"start":{"line":23,"column":47},"end":{"line":23,"column":87}},"20":{"start":{"line":23,"column":87},"end":{"line":23,"column":90}},"21":{"start":{"line":23,"column":87},"end":{"line":23,"column":null}},"22":{"start":{"line":23,"column":12},"end":{"line":23,"column":null}},"23":{"start":{"line":23,"column":102},"end":{"line":23,"column":null}},"24":{"start":{"line":23,"column":102},"end":{"line":24,"column":null}},"25":{"start":{"line":24,"column":12},"end":{"line":24,"column":null}},"26":{"start":{"line":24,"column":51},"end":{"line":24,"column":null}},"27":{"start":{"line":24,"column":51},"end":{"line":25,"column":null}},"28":{"start":{"line":25,"column":12},"end":{"line":25,"column":null}},"29":{"start":{"line":25,"column":32},"end":{"line":25,"column":null}},"30":{"start":{"line":25,"column":32},"end":{"line":26,"column":null}},"31":{"start":{"line":26,"column":12},"end":{"line":26,"column":null}},"32":{"start":{"line":26,"column":56},"end":{"line":26,"column":null}},"33":{"start":{"line":26,"column":56},"end":{"line":27,"column":null}},"34":{"start":{"line":22,"column":8},"end":{"line":27,"column":null}},"35":{"start":{"line":27,"column":18},"end":{"line":27,"column":null}},"36":{"start":{"line":27,"column":18},"end":{"line":22,"column":27}}},"fnMap":{"0":{"name":"(anonymous_0)","decl":{"start":{"line":10,"column":13},"end":{"line":10,"column":27}},"loc":{"start":{"line":10,"column":27},"end":{"line":27,"column":null}},"line":10},"1":{"name":"(anonymous_1)","decl":{"start":{"line":13,"column":22},"end":{"line":13,"column":null}},"loc":{"start":{"line":13,"column":22},"end":{"line":14,"column":null}},"line":13},"2":{"name":"(anonymous_2)","decl":{"start":{"line":16,"column":27},"end":{"line":16,"column":null}},"loc":{"start":{"line":16,"column":27},"end":{"line":18,"column":null}},"line":16}},"branchMap":{"0":{"loc":{"start":{"line":10,"column":36},"end":{"line":10,"column":null}},"type":"cond-expr","locations":[{"start":{"line":10,"column":36},"end":{"line":10,"column":null}},{"start":{"line":10,"column":36},"end":{"line":10,"column":null}}],"line":10},"1":{"loc":{"start":{"line":11,"column":49},"end":{"line":15,"column":null}},"type":"if","locations":[{"start":{"line":11,"column":49},"end":{"line":15,"column":null}},{"start":{"line":15,"column":5},"end":{"line":15,"column":null}}],"line":11},"2":{"loc":{"start":{"line":15,"column":5},"end":{"line":19,"column":null}},"type":"if","locations":[{"start":{"line":15,"column":5},"end":{"line":19,"column":null}},{"start":{"line":19,"column":5},"end":{"line":19,"column":null}}],"line":15},"3":{"loc":{"start":{"line":17,"column":8},"end":{"line":17,"column":null}},"type":"if","locations":[{"start":{"line":17,"column":8},"end":{"line":17,"column":null}},{"start":{},"end":{}}],"line":17},"4":{"loc":{"start":{"line":23,"column":56},"end":{"line":23,"column":66}},"type":"cond-expr","locations":[{"start":{"line":23,"column":56},"end":{"line":23,"column":66}},{"start":{"line":23,"column":56},"end":{"line":23,"column":66}}],"line":23},"5":{"loc":{"start":{"line":23,"column":85},"end":{"line":23,"column":90}},"type":"if","locations":[{"start":{"line":23,"column":85},"end":{"line":23,"column":90}},{"start":{"line":23,"column":87},"end":{"line":23,"column":90}}],"line":23},"6":{"loc":{"start":{"line":23,"column":87},"end":{"line":23,"column":null}},"type":"if","locations":[{"start":{"line":23,"column":87},"end":{"line":23,"column":null}},{"start":{"line":23,"column":102},"end":{"line":23,"column":null}}],"line":23},"7":{"loc":{"start":{"line":23,"column":87},"end":{"line":23,"column":90}},"type":"binary-expr","locations":[{"start":{"line":23,"column":87},"end":{"line":23,"column":90}},{"start":{"line":23,"column":87},"end":{"line":23,"column":90}}],"line":23},"8":{"loc":{"start":{"line":23,"column":102},"end":{"line":24,"column":null}},"type":"if","locations":[{"start":{"line":23,"column":102},"end":{"line":24,"column":null}},{"start":{"line":24,"column":51},"end":{"line":24,"column":null}}],"line":23},"9":{"loc":{"start":{"line":24,"column":51},"end":{"line":25,"column":null}},"type":"if","locations":[{"start":{"line":24,"column":51},"end":{"line":25,"column":null}},{"start":{"line":25,"column":32},"end":{"line":25,"column":null}}],"line":24},"10":{"loc":{"start":{"line":25,"column":32},"end":{"line":26,"column":null}},"type":"if","locations":[{"start":{"line":25,"column":32},"end":{"line":26,"column":null}},{"start":{"line":26,"column":56},"end":{"line":26,"column":null}}],"line":25},"11":{"loc":{"start":{"line":26,"column":56},"end":{"line":27,"column":null}},"type":"if","locations":[{"start":{"line":26,"column":56},"end":{"line":27,"column":null}},{"start":{"line":27,"column":18},"end":{"line":27,"column":null}}],"line":26},"12":{"loc":{"start":{"line":26,"column":56},"end":{"line":26,"column":null}},"type":"binary-expr","locations":[{"start":{"line":26,"column":56},"end":{"line":26,"column":null}},{"start":{"line":26,"column":56},"end":{"line":26,"column":null}},{"start":{"line":26,"column":56},"end":{"line":26,"column":null}},{"start":{"line":26,"column":56},"end":{"line":26,"column":null}}],"line":26}},"s":{"0":1,"1":9,"2":9,"3":9,"4":9,"5":9,"6":9,"7":1,"8":0,"9":9,"10":9,"11":9,"12":2,"13":1,"14":1,"15":0,"16":9,"17":9,"18":9,"19":8,"20":1,"21":9,"22":8,"23":1,"24":9,"25":9,"26":0,"27":9,"28":9,"29":0,"30":9,"31":9,"32":0,"33":9,"34":9,"35":0,"36":9},"f":{"0":9,"1":1,"2":2},"b":{"0":[4,5],"1":[9,0],"2":[9,0],"3":[1,1],"4":[4,5],"5":[8,1],"6":[8,1],"7":[9,2],"8":[9,0],"9":[9,0],"10":[9,0],"11":[9,0],"12":[9,1,0,0]},"meta":{"lastBranch":13,"lastFunction":3,"lastStatement":37,"seen":{"s:10:13:27:Infinity":0,"f:10:13:10:27":0,"s:10:27:10:28":1,"s:10:28:10:36":2,"s:10:36:10:Infinity":3,"b:10:36:10:Infinity:10:36:10:Infinity":0,"s:11:30:11:49":4,"b:11:49:15:Infinity:15:5:15:Infinity":1,"s:11:49:15:Infinity":5,"s:13:22:14:Infinity":6,"f:13:22:13:Infinity":1,"s:14:8:14:27":7,"s:15:5:15:Infinity":8,"s:13:22:13:Infinity":9,"b:15:5:19:Infinity:19:5:19:Infinity":2,"s:15:5:19:Infinity":10,"s:16:27:18:Infinity":11,"f:16:27:16:Infinity":2,"b:17:8:17:Infinity:undefined:undefined:undefined:undefined":3,"s:17:8:17:Infinity":12,"s:17:23:17:Infinity":13,"s:18:8:18:27":14,"s:19:5:19:Infinity":15,"s:16:27:16:Infinity":16,"s:23:56:23:66":17,"b:23:56:23:66:23:56:23:66":4,"b:23:85:23:90:23:87:23:90":5,"s:23:85:23:90":18,"s:23:47:23:87":19,"s:23:87:23:90":20,"b:23:87:23:Infinity:23:102:23:Infinity":6,"s:23:87:23:Infinity":21,"b:23:87:23:90:23:87:23:90":7,"s:23:12:23:Infinity":22,"s:23:102:23:Infinity":23,"b:23:102:24:Infinity:24:51:24:Infinity":8,"s:23:102:24:Infinity":24,"s:24:12:24:Infinity":25,"s:24:51:24:Infinity":26,"b:24:51:25:Infinity:25:32:25:Infinity":9,"s:24:51:25:Infinity":27,"s:25:12:25:Infinity":28,"s:25:32:25:Infinity":29,"b:25:32:26:Infinity:26:56:26:Infinity":10,"s:25:32:26:Infinity":30,"s:26:12:26:Infinity":31,"s:26:56:26:Infinity":32,"b:26:56:27:Infinity:27:18:27:Infinity":11,"s:26:56:27:Infinity":33,"b:26:56:26:Infinity:26:56:26:Infinity:26:56:26:Infinity:26:56:26:Infinity":12,"s:22:8:27:Infinity":34,"s:27:18:27:Infinity":35,"s:27:18:22:27":36},"fnNames":{}}}
}
